[2025-09-30T09:15:00] START_AUDIT scope=Routing_ML repo=/workspace/Routing_ML
[2025-09-30T09:16:12] REVIEW_DOC file=PRD.md notes="절대 지령·학습/예측 요구 사항 일치 확인"
[2025-09-30T09:18:47] REVIEW_DOC file=Tasklist.md notes="Stage 0-9 체크 상태와 요구 조건 교차 검증"
[2025-09-30T09:21:03] REVIEW_CODE file=backend/database.py notes="Access 최신 파일 선택 및 ITEM_CD 조인 로직 확인"
[2025-09-30T09:24:26] REVIEW_CODE file=backend/trainer_ml.py notes="HNSW, TensorBoard, Trimmed-STD 런타임 설정 반영 확인"
[2025-09-30T09:28:41] REVIEW_CODE file=backend/predictor_ml.py notes="Trimmed-STD, 후보 4개 제한, SQL 직렬화 검증"
[2025-09-30T09:31:55] REVIEW_CODE file=common/config_store.py notes="워크플로우 SAVE -> 런타임 설정/SQL 매핑 즉시 반영 확인"
[2025-09-30T09:33:18] REVIEW_CODE file=frontend/src/components/WorkflowGraphPanel.tsx notes="SAVE 버튼 PATCH 및 디자인 참조 확인"
[2025-09-30T09:35:44] REVIEW_DOC file=docs/install_guide_ko.md notes="초등학생도 따라 할 수 있는 설치 가이드 유지 확인"
[2025-09-30T09:37:02] REVIEW_DOC file=docs/stage9_packaging_plan.md notes="설치형 배포 전략 및 체크리스트 최신 상태 확인"
[2025-09-30T09:38:20] REVIEW_CONFIG file=config/sql_profiles/access_7_1.json notes="7.1 SQL 구조 컬럼 및 별칭 매핑 검증"
[2025-09-30T09:39:45] REVIEW_CONFIG file=config/workflow_settings.json notes="Trimmed-STD 및 후보 제한 기본값 확인"
[2025-09-30T09:41:10] REVIEW_MEDIA file=main/*.jpg notes="GUI 레퍼런스 이미지 위치 확인"
[2025-09-30T09:42:33] REVIEW_DOC file=docs/stage5_sql_report.md notes="SQL 저장 스키마와 Tasklist 일치"
[2025-09-30T09:44:01] REVIEW_DOC file=docs/graph_workflow_ui_plan.md notes="워크플로우 UI와 SAVE 연동 요구 확인"
[2025-09-30T09:45:29] REVIEW_DOC file=docs/predictor_service_plan.md notes="/predict·/candidates/save 엔드포인트 설계 검증"
[2025-09-30T09:46:57] REVIEW_DOC file=docs/trainer_service_plan.md notes="임베딩·가중치·TensorBoard 설계 확인"
[2025-09-30T09:48:25] REVIEW_DOC file=docs/stage6_monitoring_report.md notes="KPI 및 평가 파이프라인 문서 상태 확인"
[2025-09-30T09:49:53] REVIEW_DOC file=docs/stage7_operations_report.md notes="운영/배포 절차와 Stage 9 의존성 확인"
[2025-09-30T09:51:21] END_AUDIT status=OK findings=0 actions="추가 수정 없음"
[2025-10-28T02:12:04Z] START_AUDIT scope=Routing_ML repo=/workspace/Routing_ML requested_by="Onboarding QA"
[2025-10-28T02:13:42Z] REVIEW_PROCESS system="ChangeMgmt" record="CM-2025-1042" notes="승인 체계 로그 최신화 여부 확인"
[2025-10-28T02:15:27Z] VERIFY_APPROVAL approver="김보안(Security Officer)" approval_timestamp="2025-10-28T02:14:55Z" decision="APPROVED"
[2025-10-28T02:16:18Z] REVIEW_DOC file=docs/onboarding_validation_report.md notes="증빙 경로 갱신 여부 확인"
[2025-10-28T02:17:05Z] END_AUDIT status=OK findings=0 actions="승인 내역 및 증빙 갱신 완료"
