Traceback (most recent call last):
  File "/root/.pyenv/versions/3.12.10/bin/uvicorn", line 7, in <module>
    sys.exit(main())
             ^^^^^^
  File "/root/.pyenv/versions/3.12.10/lib/python3.12/site-packages/click/core.py", line 1442, in __call__
    return self.main(*args, **kwargs)
           ^^^^^^^^^^^^^^^^^^^^^^^^^^
  File "/root/.pyenv/versions/3.12.10/lib/python3.12/site-packages/click/core.py", line 1363, in main
    rv = self.invoke(ctx)
         ^^^^^^^^^^^^^^^^
  File "/root/.pyenv/versions/3.12.10/lib/python3.12/site-packages/click/core.py", line 1226, in invoke
    return ctx.invoke(self.callback, **ctx.params)
           ^^^^^^^^^^^^^^^^^^^^^^^^^^^^^^^^^^^^^^^
  File "/root/.pyenv/versions/3.12.10/lib/python3.12/site-packages/click/core.py", line 794, in invoke
    return callback(*args, **kwargs)
           ^^^^^^^^^^^^^^^^^^^^^^^^^
  File "/root/.pyenv/versions/3.12.10/lib/python3.12/site-packages/uvicorn/main.py", line 418, in main
    run(
  File "/root/.pyenv/versions/3.12.10/lib/python3.12/site-packages/uvicorn/main.py", line 587, in run
    server.run()
  File "/root/.pyenv/versions/3.12.10/lib/python3.12/site-packages/uvicorn/server.py", line 62, in run
    return asyncio.run(self.serve(sockets=sockets))
           ^^^^^^^^^^^^^^^^^^^^^^^^^^^^^^^^^^^^^^^^
  File "/root/.pyenv/versions/3.12.10/lib/python3.12/asyncio/runners.py", line 195, in run
    return runner.run(main)
           ^^^^^^^^^^^^^^^^
  File "/root/.pyenv/versions/3.12.10/lib/python3.12/asyncio/runners.py", line 118, in run
    return self._loop.run_until_complete(task)
           ^^^^^^^^^^^^^^^^^^^^^^^^^^^^^^^^^^^
  File "uvloop/loop.pyx", line 1518, in uvloop.loop.Loop.run_until_complete
  File "/root/.pyenv/versions/3.12.10/lib/python3.12/site-packages/uvicorn/server.py", line 69, in serve
    config.load()
  File "/root/.pyenv/versions/3.12.10/lib/python3.12/site-packages/uvicorn/config.py", line 458, in load
    self.loaded_app = import_from_string(self.app)
                      ^^^^^^^^^^^^^^^^^^^^^^^^^^^^
  File "/root/.pyenv/versions/3.12.10/lib/python3.12/site-packages/uvicorn/importer.py", line 21, in import_from_string
    module = importlib.import_module(module_str)
             ^^^^^^^^^^^^^^^^^^^^^^^^^^^^^^^^^^^
  File "/root/.pyenv/versions/3.12.10/lib/python3.12/importlib/__init__.py", line 90, in import_module
    return _bootstrap._gcd_import(name[level:], package, level)
           ^^^^^^^^^^^^^^^^^^^^^^^^^^^^^^^^^^^^^^^^^^^^^^^^^^^^
  File "<frozen importlib._bootstrap>", line 1387, in _gcd_import
  File "<frozen importlib._bootstrap>", line 1360, in _find_and_load
  File "<frozen importlib._bootstrap>", line 1331, in _find_and_load_unlocked
  File "<frozen importlib._bootstrap>", line 935, in _load_unlocked
  File "<frozen importlib._bootstrap_external>", line 999, in exec_module
  File "<frozen importlib._bootstrap>", line 488, in _call_with_frames_removed
  File "/workspace/Routing_ML/backend/run_api.py", line 6, in <module>
    from backend.api.app import app
  File "/workspace/Routing_ML/backend/api/app.py", line 4, in <module>
    from fastapi import FastAPI
  File "/root/.pyenv/versions/3.12.10/lib/python3.12/site-packages/fastapi/__init__.py", line 7, in <module>
    from .applications import FastAPI as FastAPI
  File "/root/.pyenv/versions/3.12.10/lib/python3.12/site-packages/fastapi/applications.py", line 16, in <module>
    from fastapi import routing
  File "/root/.pyenv/versions/3.12.10/lib/python3.12/site-packages/fastapi/routing.py", line 22, in <module>
    from fastapi import params
  File "/root/.pyenv/versions/3.12.10/lib/python3.12/site-packages/fastapi/params.py", line 5, in <module>
    from fastapi.openapi.models import Example
  File "/root/.pyenv/versions/3.12.10/lib/python3.12/site-packages/fastapi/openapi/models.py", line 170, in <module>
    class Schema(BaseModel):
  File "/root/.pyenv/versions/3.12.10/lib/python3.12/site-packages/pydantic/main.py", line 286, in __new__
    cls.__try_update_forward_refs__()
  File "/root/.pyenv/versions/3.12.10/lib/python3.12/site-packages/pydantic/main.py", line 807, in __try_update_forward_refs__
    update_model_forward_refs(cls, cls.__fields__.values(), cls.__config__.json_encoders, localns, (NameError,))
  File "/root/.pyenv/versions/3.12.10/lib/python3.12/site-packages/pydantic/typing.py", line 554, in update_model_forward_refs
    update_field_forward_refs(f, globalns=globalns, localns=localns)
  File "/root/.pyenv/versions/3.12.10/lib/python3.12/site-packages/pydantic/typing.py", line 520, in update_field_forward_refs
    field.type_ = evaluate_forwardref(field.type_, globalns, localns or None)
                  ^^^^^^^^^^^^^^^^^^^^^^^^^^^^^^^^^^^^^^^^^^^^^^^^^^^^^^^^^^^
  File "/root/.pyenv/versions/3.12.10/lib/python3.12/site-packages/pydantic/typing.py", line 66, in evaluate_forwardref
    return cast(Any, type_)._evaluate(globalns, localns, set())
           ^^^^^^^^^^^^^^^^^^^^^^^^^^^^^^^^^^^^^^^^^^^^^^^^^^^^
TypeError: ForwardRef._evaluate() missing 1 required keyword-only argument: 'recursive_guard'
