2025-10-02 08:42:28 | api.routes | INFO     | [prediction.py:104] | predict | MainThread | 예측 요청
2025-10-02 08:42:28 | api.routes | ERROR    | [prediction.py:147] | predict | MainThread | 모델 경로 오류: Missing required artifacts for manifest: encoder.joblib, feature_columns.joblib, scaler.joblib, similarity_engine.joblib
2025-10-02 08:46:49 | api.routes | INFO     | [prediction.py:104] | predict | MainThread | 예측 요청
2025-10-02 08:46:49 | api.routes | ERROR    | [prediction.py:147] | predict | MainThread | 모델 경로 오류: Missing required artifacts for manifest: encoder.joblib, feature_columns.joblib, scaler.joblib, similarity_engine.joblib
2025-10-02 08:46:57 | api.routes | INFO     | [prediction.py:104] | predict | MainThread | 예측 요청
2025-10-02 08:46:57 | api.routes | ERROR    | [prediction.py:147] | predict | MainThread | 모델 경로 오류: Missing required artifacts for manifest: encoder.joblib, feature_columns.joblib, scaler.joblib, similarity_engine.joblib
2025-10-02 08:47:04 | api.routes | INFO     | [prediction.py:104] | predict | MainThread | 예측 요청
2025-10-02 08:47:04 | api.routes | ERROR    | [prediction.py:150] | predict | MainThread | 예측 처리 실패
Traceback (most recent call last):
  File "c:\Users\syyun\Documents\GitHub\Routing_ML\backend\api\routes\prediction.py", line 112, in predict
    items, candidates, metrics = prediction_service.predict(
                                 ^^^^^^^^^^^^^^^^^^^^^^^^^^^
  File "c:\Users\syyun\Documents\GitHub\Routing_ML\backend\api\services\prediction_service.py", line 740, in predict
    ) = self._execute_prediction(
        ^^^^^^^^^^^^^^^^^^^^^^^^^
  File "c:\Users\syyun\Documents\GitHub\Routing_ML\backend\api\services\prediction_service.py", line 667, in _execute_prediction
    self._ensure_model()
  File "c:\Users\syyun\Documents\GitHub\Routing_ML\backend\api\services\prediction_service.py", line 522, in _ensure_model
    load_dir = manifest.require_optimized_model_dir()
               ^^^^^^^^^^^^^^^^^^^^^^^^^^^^^^^^^^^^^^
  File "c:\Users\syyun\Documents\GitHub\Routing_ML\models\manifest.py", line 153, in require_optimized_model_dir
    self.verify(CORE_ARTIFACTS)
  File "c:\Users\syyun\Documents\GitHub\Routing_ML\models\manifest.py", line 144, in verify
    raise KeyError(f"Artifact missing from manifest: {name}")
KeyError: 'Artifact missing from manifest: similarity_engine'
2025-10-02 08:47:13 | api.routes | INFO     | [prediction.py:104] | predict | MainThread | 예측 요청
2025-10-02 08:47:13 | api.routes | ERROR    | [prediction.py:150] | predict | MainThread | 예측 처리 실패
Traceback (most recent call last):
  File "c:\Users\syyun\Documents\GitHub\Routing_ML\backend\api\routes\prediction.py", line 112, in predict
    items, candidates, metrics = prediction_service.predict(
                                 ^^^^^^^^^^^^^^^^^^^^^^^^^^^
  File "c:\Users\syyun\Documents\GitHub\Routing_ML\backend\api\services\prediction_service.py", line 740, in predict
    ) = self._execute_prediction(
        ^^^^^^^^^^^^^^^^^^^^^^^^^
  File "c:\Users\syyun\Documents\GitHub\Routing_ML\backend\api\services\prediction_service.py", line 667, in _execute_prediction
    self._ensure_model()
  File "c:\Users\syyun\Documents\GitHub\Routing_ML\backend\api\services\prediction_service.py", line 522, in _ensure_model
    load_dir = manifest.require_optimized_model_dir()
               ^^^^^^^^^^^^^^^^^^^^^^^^^^^^^^^^^^^^^^
  File "c:\Users\syyun\Documents\GitHub\Routing_ML\models\manifest.py", line 153, in require_optimized_model_dir
    self.verify(CORE_ARTIFACTS)
  File "c:\Users\syyun\Documents\GitHub\Routing_ML\models\manifest.py", line 144, in verify
    raise KeyError(f"Artifact missing from manifest: {name}")
KeyError: 'Artifact missing from manifest: similarity_engine'
2025-10-02 08:47:16 | api.routes | INFO     | [prediction.py:104] | predict | MainThread | 예측 요청
2025-10-02 08:47:16 | api.routes | ERROR    | [prediction.py:150] | predict | MainThread | 예측 처리 실패
Traceback (most recent call last):
  File "c:\Users\syyun\Documents\GitHub\Routing_ML\backend\api\routes\prediction.py", line 112, in predict
    items, candidates, metrics = prediction_service.predict(
                                 ^^^^^^^^^^^^^^^^^^^^^^^^^^^
  File "c:\Users\syyun\Documents\GitHub\Routing_ML\backend\api\services\prediction_service.py", line 740, in predict
    ) = self._execute_prediction(
        ^^^^^^^^^^^^^^^^^^^^^^^^^
  File "c:\Users\syyun\Documents\GitHub\Routing_ML\backend\api\services\prediction_service.py", line 667, in _execute_prediction
    self._ensure_model()
  File "c:\Users\syyun\Documents\GitHub\Routing_ML\backend\api\services\prediction_service.py", line 522, in _ensure_model
    load_dir = manifest.require_optimized_model_dir()
               ^^^^^^^^^^^^^^^^^^^^^^^^^^^^^^^^^^^^^^
  File "c:\Users\syyun\Documents\GitHub\Routing_ML\models\manifest.py", line 153, in require_optimized_model_dir
    self.verify(CORE_ARTIFACTS)
  File "c:\Users\syyun\Documents\GitHub\Routing_ML\models\manifest.py", line 144, in verify
    raise KeyError(f"Artifact missing from manifest: {name}")
KeyError: 'Artifact missing from manifest: similarity_engine'
2025-10-02 08:47:25 | api.routes | INFO     | [prediction.py:104] | predict | MainThread | 예측 요청
2025-10-02 08:47:25 | api.routes | ERROR    | [prediction.py:150] | predict | MainThread | 예측 처리 실패
Traceback (most recent call last):
  File "c:\Users\syyun\Documents\GitHub\Routing_ML\backend\api\routes\prediction.py", line 112, in predict
    items, candidates, metrics = prediction_service.predict(
                                 ^^^^^^^^^^^^^^^^^^^^^^^^^^^
  File "c:\Users\syyun\Documents\GitHub\Routing_ML\backend\api\services\prediction_service.py", line 740, in predict
    ) = self._execute_prediction(
        ^^^^^^^^^^^^^^^^^^^^^^^^^
  File "c:\Users\syyun\Documents\GitHub\Routing_ML\backend\api\services\prediction_service.py", line 667, in _execute_prediction
    self._ensure_model()
  File "c:\Users\syyun\Documents\GitHub\Routing_ML\backend\api\services\prediction_service.py", line 522, in _ensure_model
    load_dir = manifest.require_optimized_model_dir()
               ^^^^^^^^^^^^^^^^^^^^^^^^^^^^^^^^^^^^^^
  File "c:\Users\syyun\Documents\GitHub\Routing_ML\models\manifest.py", line 153, in require_optimized_model_dir
    self.verify(CORE_ARTIFACTS)
  File "c:\Users\syyun\Documents\GitHub\Routing_ML\models\manifest.py", line 144, in verify
    raise KeyError(f"Artifact missing from manifest: {name}")
KeyError: 'Artifact missing from manifest: similarity_engine'
2025-10-02 09:01:59 | api.routes | INFO     | [prediction.py:104] | predict | MainThread | 예측 요청
2025-10-02 09:01:59 | api.routes | ERROR    | [prediction.py:150] | predict | MainThread | 예측 처리 실패
Traceback (most recent call last):
  File "c:\Users\syyun\Documents\GitHub\Routing_ML\backend\api\routes\prediction.py", line 112, in predict
    items, candidates, metrics = prediction_service.predict(
                                 ^^^^^^^^^^^^^^^^^^^^^^^^^^^
  File "c:\Users\syyun\Documents\GitHub\Routing_ML\backend\api\services\prediction_service.py", line 740, in predict
    ) = self._execute_prediction(
        ^^^^^^^^^^^^^^^^^^^^^^^^^
  File "c:\Users\syyun\Documents\GitHub\Routing_ML\backend\api\services\prediction_service.py", line 667, in _execute_prediction
    self._ensure_model()
  File "c:\Users\syyun\Documents\GitHub\Routing_ML\backend\api\services\prediction_service.py", line 522, in _ensure_model
    load_dir = manifest.require_optimized_model_dir()
               ^^^^^^^^^^^^^^^^^^^^^^^^^^^^^^^^^^^^^^
  File "c:\Users\syyun\Documents\GitHub\Routing_ML\models\manifest.py", line 153, in require_optimized_model_dir
    self.verify(CORE_ARTIFACTS)
  File "c:\Users\syyun\Documents\GitHub\Routing_ML\models\manifest.py", line 144, in verify
    raise KeyError(f"Artifact missing from manifest: {name}")
KeyError: 'Artifact missing from manifest: similarity_engine'
2025-10-02 09:02:09 | api.routes | INFO     | [prediction.py:104] | predict | MainThread | 예측 요청
2025-10-02 09:02:09 | api.routes | ERROR    | [prediction.py:150] | predict | MainThread | 예측 처리 실패
Traceback (most recent call last):
  File "c:\Users\syyun\Documents\GitHub\Routing_ML\backend\api\routes\prediction.py", line 112, in predict
    items, candidates, metrics = prediction_service.predict(
                                 ^^^^^^^^^^^^^^^^^^^^^^^^^^^
  File "c:\Users\syyun\Documents\GitHub\Routing_ML\backend\api\services\prediction_service.py", line 740, in predict
    ) = self._execute_prediction(
        ^^^^^^^^^^^^^^^^^^^^^^^^^
  File "c:\Users\syyun\Documents\GitHub\Routing_ML\backend\api\services\prediction_service.py", line 667, in _execute_prediction
    self._ensure_model()
  File "c:\Users\syyun\Documents\GitHub\Routing_ML\backend\api\services\prediction_service.py", line 522, in _ensure_model
    load_dir = manifest.require_optimized_model_dir()
               ^^^^^^^^^^^^^^^^^^^^^^^^^^^^^^^^^^^^^^
  File "c:\Users\syyun\Documents\GitHub\Routing_ML\models\manifest.py", line 153, in require_optimized_model_dir
    self.verify(CORE_ARTIFACTS)
  File "c:\Users\syyun\Documents\GitHub\Routing_ML\models\manifest.py", line 144, in verify
    raise KeyError(f"Artifact missing from manifest: {name}")
KeyError: 'Artifact missing from manifest: similarity_engine'
2025-10-02 09:02:09 | api.routes | INFO     | [prediction.py:104] | predict | MainThread | 예측 요청
2025-10-02 09:02:09 | api.routes | ERROR    | [prediction.py:150] | predict | MainThread | 예측 처리 실패
Traceback (most recent call last):
  File "c:\Users\syyun\Documents\GitHub\Routing_ML\backend\api\routes\prediction.py", line 112, in predict
    items, candidates, metrics = prediction_service.predict(
                                 ^^^^^^^^^^^^^^^^^^^^^^^^^^^
  File "c:\Users\syyun\Documents\GitHub\Routing_ML\backend\api\services\prediction_service.py", line 740, in predict
    ) = self._execute_prediction(
        ^^^^^^^^^^^^^^^^^^^^^^^^^
  File "c:\Users\syyun\Documents\GitHub\Routing_ML\backend\api\services\prediction_service.py", line 667, in _execute_prediction
    self._ensure_model()
  File "c:\Users\syyun\Documents\GitHub\Routing_ML\backend\api\services\prediction_service.py", line 522, in _ensure_model
    load_dir = manifest.require_optimized_model_dir()
               ^^^^^^^^^^^^^^^^^^^^^^^^^^^^^^^^^^^^^^
  File "c:\Users\syyun\Documents\GitHub\Routing_ML\models\manifest.py", line 153, in require_optimized_model_dir
    self.verify(CORE_ARTIFACTS)
  File "c:\Users\syyun\Documents\GitHub\Routing_ML\models\manifest.py", line 144, in verify
    raise KeyError(f"Artifact missing from manifest: {name}")
KeyError: 'Artifact missing from manifest: similarity_engine'
2025-10-02 09:02:10 | api.routes | INFO     | [prediction.py:104] | predict | MainThread | 예측 요청
2025-10-02 09:02:10 | api.routes | ERROR    | [prediction.py:150] | predict | MainThread | 예측 처리 실패
Traceback (most recent call last):
  File "c:\Users\syyun\Documents\GitHub\Routing_ML\backend\api\routes\prediction.py", line 112, in predict
    items, candidates, metrics = prediction_service.predict(
                                 ^^^^^^^^^^^^^^^^^^^^^^^^^^^
  File "c:\Users\syyun\Documents\GitHub\Routing_ML\backend\api\services\prediction_service.py", line 740, in predict
    ) = self._execute_prediction(
        ^^^^^^^^^^^^^^^^^^^^^^^^^
  File "c:\Users\syyun\Documents\GitHub\Routing_ML\backend\api\services\prediction_service.py", line 667, in _execute_prediction
    self._ensure_model()
  File "c:\Users\syyun\Documents\GitHub\Routing_ML\backend\api\services\prediction_service.py", line 522, in _ensure_model
    load_dir = manifest.require_optimized_model_dir()
               ^^^^^^^^^^^^^^^^^^^^^^^^^^^^^^^^^^^^^^
  File "c:\Users\syyun\Documents\GitHub\Routing_ML\models\manifest.py", line 153, in require_optimized_model_dir
    self.verify(CORE_ARTIFACTS)
  File "c:\Users\syyun\Documents\GitHub\Routing_ML\models\manifest.py", line 144, in verify
    raise KeyError(f"Artifact missing from manifest: {name}")
KeyError: 'Artifact missing from manifest: similarity_engine'
2025-10-02 09:02:12 | api.routes | INFO     | [prediction.py:104] | predict | MainThread | 예측 요청
2025-10-02 09:02:12 | api.routes | ERROR    | [prediction.py:150] | predict | MainThread | 예측 처리 실패
Traceback (most recent call last):
  File "c:\Users\syyun\Documents\GitHub\Routing_ML\backend\api\routes\prediction.py", line 112, in predict
    items, candidates, metrics = prediction_service.predict(
                                 ^^^^^^^^^^^^^^^^^^^^^^^^^^^
  File "c:\Users\syyun\Documents\GitHub\Routing_ML\backend\api\services\prediction_service.py", line 740, in predict
    ) = self._execute_prediction(
        ^^^^^^^^^^^^^^^^^^^^^^^^^
  File "c:\Users\syyun\Documents\GitHub\Routing_ML\backend\api\services\prediction_service.py", line 667, in _execute_prediction
    self._ensure_model()
  File "c:\Users\syyun\Documents\GitHub\Routing_ML\backend\api\services\prediction_service.py", line 522, in _ensure_model
    load_dir = manifest.require_optimized_model_dir()
               ^^^^^^^^^^^^^^^^^^^^^^^^^^^^^^^^^^^^^^
  File "c:\Users\syyun\Documents\GitHub\Routing_ML\models\manifest.py", line 153, in require_optimized_model_dir
    self.verify(CORE_ARTIFACTS)
  File "c:\Users\syyun\Documents\GitHub\Routing_ML\models\manifest.py", line 144, in verify
    raise KeyError(f"Artifact missing from manifest: {name}")
KeyError: 'Artifact missing from manifest: similarity_engine'
2025-10-02 09:19:23 | api.routes | INFO     | [prediction.py:104] | predict | MainThread | 예측 요청
2025-10-02 09:19:23 | api.routes | ERROR    | [prediction.py:150] | predict | MainThread | 예측 처리 실패
Traceback (most recent call last):
  File "c:\Users\syyun\Documents\GitHub\Routing_ML\backend\api\routes\prediction.py", line 112, in predict
    items, candidates, metrics = prediction_service.predict(
                                 ^^^^^^^^^^^^^^^^^^^^^^^^^^^
  File "c:\Users\syyun\Documents\GitHub\Routing_ML\backend\api\services\prediction_service.py", line 740, in predict
    ) = self._execute_prediction(
        ^^^^^^^^^^^^^^^^^^^^^^^^^
  File "c:\Users\syyun\Documents\GitHub\Routing_ML\backend\api\services\prediction_service.py", line 667, in _execute_prediction
    self._ensure_model()
  File "c:\Users\syyun\Documents\GitHub\Routing_ML\backend\api\services\prediction_service.py", line 522, in _ensure_model
    load_dir = manifest.require_optimized_model_dir()
               ^^^^^^^^^^^^^^^^^^^^^^^^^^^^^^^^^^^^^^
  File "c:\Users\syyun\Documents\GitHub\Routing_ML\models\manifest.py", line 153, in require_optimized_model_dir
    self.verify(CORE_ARTIFACTS)
  File "c:\Users\syyun\Documents\GitHub\Routing_ML\models\manifest.py", line 144, in verify
    raise KeyError(f"Artifact missing from manifest: {name}")
KeyError: 'Artifact missing from manifest: similarity_engine'
2025-10-02 09:19:24 | api.routes | INFO     | [prediction.py:104] | predict | MainThread | 예측 요청
2025-10-02 09:19:24 | api.routes | ERROR    | [prediction.py:150] | predict | MainThread | 예측 처리 실패
Traceback (most recent call last):
  File "c:\Users\syyun\Documents\GitHub\Routing_ML\backend\api\routes\prediction.py", line 112, in predict
    items, candidates, metrics = prediction_service.predict(
                                 ^^^^^^^^^^^^^^^^^^^^^^^^^^^
  File "c:\Users\syyun\Documents\GitHub\Routing_ML\backend\api\services\prediction_service.py", line 740, in predict
    ) = self._execute_prediction(
        ^^^^^^^^^^^^^^^^^^^^^^^^^
  File "c:\Users\syyun\Documents\GitHub\Routing_ML\backend\api\services\prediction_service.py", line 667, in _execute_prediction
    self._ensure_model()
  File "c:\Users\syyun\Documents\GitHub\Routing_ML\backend\api\services\prediction_service.py", line 522, in _ensure_model
    load_dir = manifest.require_optimized_model_dir()
               ^^^^^^^^^^^^^^^^^^^^^^^^^^^^^^^^^^^^^^
  File "c:\Users\syyun\Documents\GitHub\Routing_ML\models\manifest.py", line 153, in require_optimized_model_dir
    self.verify(CORE_ARTIFACTS)
  File "c:\Users\syyun\Documents\GitHub\Routing_ML\models\manifest.py", line 144, in verify
    raise KeyError(f"Artifact missing from manifest: {name}")
KeyError: 'Artifact missing from manifest: similarity_engine'
2025-10-02 09:22:57 | api.routes | INFO     | [prediction.py:104] | predict | MainThread | 예측 요청
2025-10-02 09:22:57 | api.routes | ERROR    | [prediction.py:150] | predict | MainThread | 예측 처리 실패
Traceback (most recent call last):
  File "c:\Users\syyun\Documents\GitHub\Routing_ML\backend\api\routes\prediction.py", line 112, in predict
    items, candidates, metrics = prediction_service.predict(
                                 ^^^^^^^^^^^^^^^^^^^^^^^^^^^
  File "c:\Users\syyun\Documents\GitHub\Routing_ML\backend\api\services\prediction_service.py", line 740, in predict
    ) = self._execute_prediction(
        ^^^^^^^^^^^^^^^^^^^^^^^^^
  File "c:\Users\syyun\Documents\GitHub\Routing_ML\backend\api\services\prediction_service.py", line 667, in _execute_prediction
    self._ensure_model()
  File "c:\Users\syyun\Documents\GitHub\Routing_ML\backend\api\services\prediction_service.py", line 522, in _ensure_model
    load_dir = manifest.require_optimized_model_dir()
               ^^^^^^^^^^^^^^^^^^^^^^^^^^^^^^^^^^^^^^
  File "c:\Users\syyun\Documents\GitHub\Routing_ML\models\manifest.py", line 153, in require_optimized_model_dir
    self.verify(CORE_ARTIFACTS)
  File "c:\Users\syyun\Documents\GitHub\Routing_ML\models\manifest.py", line 144, in verify
    raise KeyError(f"Artifact missing from manifest: {name}")
KeyError: 'Artifact missing from manifest: similarity_engine'
2025-10-02 09:23:44 | api.routes | INFO     | [prediction.py:104] | predict | MainThread | 예측 요청
2025-10-02 09:23:44 | api.routes | ERROR    | [prediction.py:150] | predict | MainThread | 예측 처리 실패
Traceback (most recent call last):
  File "c:\Users\syyun\Documents\GitHub\Routing_ML\backend\api\routes\prediction.py", line 112, in predict
    items, candidates, metrics = prediction_service.predict(
                                 ^^^^^^^^^^^^^^^^^^^^^^^^^^^
  File "c:\Users\syyun\Documents\GitHub\Routing_ML\backend\api\services\prediction_service.py", line 740, in predict
    ) = self._execute_prediction(
        ^^^^^^^^^^^^^^^^^^^^^^^^^
  File "c:\Users\syyun\Documents\GitHub\Routing_ML\backend\api\services\prediction_service.py", line 667, in _execute_prediction
    self._ensure_model()
  File "c:\Users\syyun\Documents\GitHub\Routing_ML\backend\api\services\prediction_service.py", line 522, in _ensure_model
    load_dir = manifest.require_optimized_model_dir()
               ^^^^^^^^^^^^^^^^^^^^^^^^^^^^^^^^^^^^^^
  File "c:\Users\syyun\Documents\GitHub\Routing_ML\models\manifest.py", line 153, in require_optimized_model_dir
    self.verify(CORE_ARTIFACTS)
  File "c:\Users\syyun\Documents\GitHub\Routing_ML\models\manifest.py", line 144, in verify
    raise KeyError(f"Artifact missing from manifest: {name}")
KeyError: 'Artifact missing from manifest: similarity_engine'
2025-10-02 09:26:59 | api.routes | INFO     | [prediction.py:104] | predict | MainThread | 예측 요청
2025-10-02 09:26:59 | api.routes | ERROR    | [prediction.py:150] | predict | MainThread | 예측 처리 실패
Traceback (most recent call last):
  File "c:\Users\syyun\Documents\GitHub\Routing_ML\backend\api\routes\prediction.py", line 112, in predict
    items, candidates, metrics = prediction_service.predict(
                                 ^^^^^^^^^^^^^^^^^^^^^^^^^^^
  File "c:\Users\syyun\Documents\GitHub\Routing_ML\backend\api\services\prediction_service.py", line 740, in predict
    ) = self._execute_prediction(
        ^^^^^^^^^^^^^^^^^^^^^^^^^
  File "c:\Users\syyun\Documents\GitHub\Routing_ML\backend\api\services\prediction_service.py", line 667, in _execute_prediction
    self._ensure_model()
  File "c:\Users\syyun\Documents\GitHub\Routing_ML\backend\api\services\prediction_service.py", line 522, in _ensure_model
    load_dir = manifest.require_optimized_model_dir()
               ^^^^^^^^^^^^^^^^^^^^^^^^^^^^^^^^^^^^^^
  File "c:\Users\syyun\Documents\GitHub\Routing_ML\models\manifest.py", line 153, in require_optimized_model_dir
    self.verify(CORE_ARTIFACTS)
  File "c:\Users\syyun\Documents\GitHub\Routing_ML\models\manifest.py", line 144, in verify
    raise KeyError(f"Artifact missing from manifest: {name}")
KeyError: 'Artifact missing from manifest: similarity_engine'
2025-10-02 09:27:04 | api.routes | INFO     | [prediction.py:104] | predict | MainThread | 예측 요청
2025-10-02 09:27:05 | api.routes | ERROR    | [prediction.py:150] | predict | MainThread | 예측 처리 실패
Traceback (most recent call last):
  File "c:\Users\syyun\Documents\GitHub\Routing_ML\backend\api\routes\prediction.py", line 112, in predict
    items, candidates, metrics = prediction_service.predict(
                                 ^^^^^^^^^^^^^^^^^^^^^^^^^^^
  File "c:\Users\syyun\Documents\GitHub\Routing_ML\backend\api\services\prediction_service.py", line 740, in predict
    ) = self._execute_prediction(
        ^^^^^^^^^^^^^^^^^^^^^^^^^
  File "c:\Users\syyun\Documents\GitHub\Routing_ML\backend\api\services\prediction_service.py", line 667, in _execute_prediction
    self._ensure_model()
  File "c:\Users\syyun\Documents\GitHub\Routing_ML\backend\api\services\prediction_service.py", line 522, in _ensure_model
    load_dir = manifest.require_optimized_model_dir()
               ^^^^^^^^^^^^^^^^^^^^^^^^^^^^^^^^^^^^^^
  File "c:\Users\syyun\Documents\GitHub\Routing_ML\models\manifest.py", line 153, in require_optimized_model_dir
    self.verify(CORE_ARTIFACTS)
  File "c:\Users\syyun\Documents\GitHub\Routing_ML\models\manifest.py", line 144, in verify
    raise KeyError(f"Artifact missing from manifest: {name}")
KeyError: 'Artifact missing from manifest: similarity_engine'
2025-10-02 09:27:37 | api.routes | INFO     | [prediction.py:104] | predict | MainThread | 예측 요청
2025-10-02 09:27:37 | api.routes | ERROR    | [prediction.py:150] | predict | MainThread | 예측 처리 실패
Traceback (most recent call last):
  File "c:\Users\syyun\Documents\GitHub\Routing_ML\backend\api\routes\prediction.py", line 112, in predict
    items, candidates, metrics = prediction_service.predict(
                                 ^^^^^^^^^^^^^^^^^^^^^^^^^^^
  File "c:\Users\syyun\Documents\GitHub\Routing_ML\backend\api\services\prediction_service.py", line 740, in predict
    ) = self._execute_prediction(
        ^^^^^^^^^^^^^^^^^^^^^^^^^
  File "c:\Users\syyun\Documents\GitHub\Routing_ML\backend\api\services\prediction_service.py", line 667, in _execute_prediction
    self._ensure_model()
  File "c:\Users\syyun\Documents\GitHub\Routing_ML\backend\api\services\prediction_service.py", line 522, in _ensure_model
    load_dir = manifest.require_optimized_model_dir()
               ^^^^^^^^^^^^^^^^^^^^^^^^^^^^^^^^^^^^^^
  File "c:\Users\syyun\Documents\GitHub\Routing_ML\models\manifest.py", line 153, in require_optimized_model_dir
    self.verify(CORE_ARTIFACTS)
  File "c:\Users\syyun\Documents\GitHub\Routing_ML\models\manifest.py", line 144, in verify
    raise KeyError(f"Artifact missing from manifest: {name}")
KeyError: 'Artifact missing from manifest: similarity_engine'
2025-10-02 10:13:33 | api.routes | INFO     | [prediction.py:104] | predict | MainThread | 예측 요청
2025-10-02 10:13:33 | api.routes | ERROR    | [prediction.py:150] | predict | MainThread | 예측 처리 실패
Traceback (most recent call last):
  File "c:\Users\syyun\Documents\GitHub\Routing_ML\backend\api\routes\prediction.py", line 112, in predict
    items, candidates, metrics = prediction_service.predict(
                                 ^^^^^^^^^^^^^^^^^^^^^^^^^^^
  File "c:\Users\syyun\Documents\GitHub\Routing_ML\backend\api\services\prediction_service.py", line 740, in predict
    ) = self._execute_prediction(
        ^^^^^^^^^^^^^^^^^^^^^^^^^
  File "c:\Users\syyun\Documents\GitHub\Routing_ML\backend\api\services\prediction_service.py", line 667, in _execute_prediction
    self._ensure_model()
  File "c:\Users\syyun\Documents\GitHub\Routing_ML\backend\api\services\prediction_service.py", line 522, in _ensure_model
    load_dir = manifest.require_optimized_model_dir()
               ^^^^^^^^^^^^^^^^^^^^^^^^^^^^^^^^^^^^^^
  File "c:\Users\syyun\Documents\GitHub\Routing_ML\models\manifest.py", line 153, in require_optimized_model_dir
    self.verify(CORE_ARTIFACTS)
  File "c:\Users\syyun\Documents\GitHub\Routing_ML\models\manifest.py", line 144, in verify
    raise KeyError(f"Artifact missing from manifest: {name}")
KeyError: 'Artifact missing from manifest: similarity_engine'
2025-10-02 10:13:34 | api.routes | INFO     | [prediction.py:104] | predict | MainThread | 예측 요청
2025-10-02 10:13:34 | api.routes | ERROR    | [prediction.py:150] | predict | MainThread | 예측 처리 실패
Traceback (most recent call last):
  File "c:\Users\syyun\Documents\GitHub\Routing_ML\backend\api\routes\prediction.py", line 112, in predict
    items, candidates, metrics = prediction_service.predict(
                                 ^^^^^^^^^^^^^^^^^^^^^^^^^^^
  File "c:\Users\syyun\Documents\GitHub\Routing_ML\backend\api\services\prediction_service.py", line 740, in predict
    ) = self._execute_prediction(
        ^^^^^^^^^^^^^^^^^^^^^^^^^
  File "c:\Users\syyun\Documents\GitHub\Routing_ML\backend\api\services\prediction_service.py", line 667, in _execute_prediction
    self._ensure_model()
  File "c:\Users\syyun\Documents\GitHub\Routing_ML\backend\api\services\prediction_service.py", line 522, in _ensure_model
    load_dir = manifest.require_optimized_model_dir()
               ^^^^^^^^^^^^^^^^^^^^^^^^^^^^^^^^^^^^^^
  File "c:\Users\syyun\Documents\GitHub\Routing_ML\models\manifest.py", line 153, in require_optimized_model_dir
    self.verify(CORE_ARTIFACTS)
  File "c:\Users\syyun\Documents\GitHub\Routing_ML\models\manifest.py", line 144, in verify
    raise KeyError(f"Artifact missing from manifest: {name}")
KeyError: 'Artifact missing from manifest: similarity_engine'
2025-10-02 10:13:36 | api.routes | INFO     | [prediction.py:104] | predict | MainThread | 예측 요청
2025-10-02 10:13:37 | api.routes | ERROR    | [prediction.py:150] | predict | MainThread | 예측 처리 실패
Traceback (most recent call last):
  File "c:\Users\syyun\Documents\GitHub\Routing_ML\backend\api\routes\prediction.py", line 112, in predict
    items, candidates, metrics = prediction_service.predict(
                                 ^^^^^^^^^^^^^^^^^^^^^^^^^^^
  File "c:\Users\syyun\Documents\GitHub\Routing_ML\backend\api\services\prediction_service.py", line 740, in predict
    ) = self._execute_prediction(
        ^^^^^^^^^^^^^^^^^^^^^^^^^
  File "c:\Users\syyun\Documents\GitHub\Routing_ML\backend\api\services\prediction_service.py", line 667, in _execute_prediction
    self._ensure_model()
  File "c:\Users\syyun\Documents\GitHub\Routing_ML\backend\api\services\prediction_service.py", line 522, in _ensure_model
    load_dir = manifest.require_optimized_model_dir()
               ^^^^^^^^^^^^^^^^^^^^^^^^^^^^^^^^^^^^^^
  File "c:\Users\syyun\Documents\GitHub\Routing_ML\models\manifest.py", line 153, in require_optimized_model_dir
    self.verify(CORE_ARTIFACTS)
  File "c:\Users\syyun\Documents\GitHub\Routing_ML\models\manifest.py", line 144, in verify
    raise KeyError(f"Artifact missing from manifest: {name}")
KeyError: 'Artifact missing from manifest: similarity_engine'
2025-10-02 10:17:37 | api.routes | INFO     | [prediction.py:104] | predict | MainThread | 예측 요청
2025-10-02 10:17:37 | api.routes | ERROR    | [prediction.py:150] | predict | MainThread | 예측 처리 실패
Traceback (most recent call last):
  File "c:\Users\syyun\Documents\GitHub\Routing_ML\backend\api\routes\prediction.py", line 112, in predict
    items, candidates, metrics = prediction_service.predict(
                                 ^^^^^^^^^^^^^^^^^^^^^^^^^^^
  File "c:\Users\syyun\Documents\GitHub\Routing_ML\backend\api\services\prediction_service.py", line 740, in predict
    ) = self._execute_prediction(
        ^^^^^^^^^^^^^^^^^^^^^^^^^
  File "c:\Users\syyun\Documents\GitHub\Routing_ML\backend\api\services\prediction_service.py", line 667, in _execute_prediction
    self._ensure_model()
  File "c:\Users\syyun\Documents\GitHub\Routing_ML\backend\api\services\prediction_service.py", line 522, in _ensure_model
    load_dir = manifest.require_optimized_model_dir()
               ^^^^^^^^^^^^^^^^^^^^^^^^^^^^^^^^^^^^^^
  File "c:\Users\syyun\Documents\GitHub\Routing_ML\models\manifest.py", line 153, in require_optimized_model_dir
    self.verify(CORE_ARTIFACTS)
  File "c:\Users\syyun\Documents\GitHub\Routing_ML\models\manifest.py", line 144, in verify
    raise KeyError(f"Artifact missing from manifest: {name}")
KeyError: 'Artifact missing from manifest: similarity_engine'
2025-10-02 10:17:38 | api.routes | INFO     | [prediction.py:104] | predict | MainThread | 예측 요청
2025-10-02 10:17:38 | api.routes | ERROR    | [prediction.py:150] | predict | MainThread | 예측 처리 실패
Traceback (most recent call last):
  File "c:\Users\syyun\Documents\GitHub\Routing_ML\backend\api\routes\prediction.py", line 112, in predict
    items, candidates, metrics = prediction_service.predict(
                                 ^^^^^^^^^^^^^^^^^^^^^^^^^^^
  File "c:\Users\syyun\Documents\GitHub\Routing_ML\backend\api\services\prediction_service.py", line 740, in predict
    ) = self._execute_prediction(
        ^^^^^^^^^^^^^^^^^^^^^^^^^
  File "c:\Users\syyun\Documents\GitHub\Routing_ML\backend\api\services\prediction_service.py", line 667, in _execute_prediction
    self._ensure_model()
  File "c:\Users\syyun\Documents\GitHub\Routing_ML\backend\api\services\prediction_service.py", line 522, in _ensure_model
    load_dir = manifest.require_optimized_model_dir()
               ^^^^^^^^^^^^^^^^^^^^^^^^^^^^^^^^^^^^^^
  File "c:\Users\syyun\Documents\GitHub\Routing_ML\models\manifest.py", line 153, in require_optimized_model_dir
    self.verify(CORE_ARTIFACTS)
  File "c:\Users\syyun\Documents\GitHub\Routing_ML\models\manifest.py", line 144, in verify
    raise KeyError(f"Artifact missing from manifest: {name}")
KeyError: 'Artifact missing from manifest: similarity_engine'
2025-10-02 10:17:41 | api.routes | INFO     | [prediction.py:104] | predict | MainThread | 예측 요청
2025-10-02 10:17:41 | api.routes | ERROR    | [prediction.py:150] | predict | MainThread | 예측 처리 실패
Traceback (most recent call last):
  File "c:\Users\syyun\Documents\GitHub\Routing_ML\backend\api\routes\prediction.py", line 112, in predict
    items, candidates, metrics = prediction_service.predict(
                                 ^^^^^^^^^^^^^^^^^^^^^^^^^^^
  File "c:\Users\syyun\Documents\GitHub\Routing_ML\backend\api\services\prediction_service.py", line 740, in predict
    ) = self._execute_prediction(
        ^^^^^^^^^^^^^^^^^^^^^^^^^
  File "c:\Users\syyun\Documents\GitHub\Routing_ML\backend\api\services\prediction_service.py", line 667, in _execute_prediction
    self._ensure_model()
  File "c:\Users\syyun\Documents\GitHub\Routing_ML\backend\api\services\prediction_service.py", line 522, in _ensure_model
    load_dir = manifest.require_optimized_model_dir()
               ^^^^^^^^^^^^^^^^^^^^^^^^^^^^^^^^^^^^^^
  File "c:\Users\syyun\Documents\GitHub\Routing_ML\models\manifest.py", line 153, in require_optimized_model_dir
    self.verify(CORE_ARTIFACTS)
  File "c:\Users\syyun\Documents\GitHub\Routing_ML\models\manifest.py", line 144, in verify
    raise KeyError(f"Artifact missing from manifest: {name}")
KeyError: 'Artifact missing from manifest: similarity_engine'
2025-10-02 10:21:11 | api.routes | INFO     | [prediction.py:104] | predict | MainThread | 예측 요청
2025-10-02 10:21:11 | api.routes | ERROR    | [prediction.py:150] | predict | MainThread | 예측 처리 실패
Traceback (most recent call last):
  File "c:\Users\syyun\Documents\GitHub\Routing_ML\backend\api\routes\prediction.py", line 112, in predict
    items, candidates, metrics = prediction_service.predict(
                                 ^^^^^^^^^^^^^^^^^^^^^^^^^^^
  File "c:\Users\syyun\Documents\GitHub\Routing_ML\backend\api\services\prediction_service.py", line 740, in predict
    ) = self._execute_prediction(
        ^^^^^^^^^^^^^^^^^^^^^^^^^
  File "c:\Users\syyun\Documents\GitHub\Routing_ML\backend\api\services\prediction_service.py", line 667, in _execute_prediction
    self._ensure_model()
  File "c:\Users\syyun\Documents\GitHub\Routing_ML\backend\api\services\prediction_service.py", line 522, in _ensure_model
    load_dir = manifest.require_optimized_model_dir()
               ^^^^^^^^^^^^^^^^^^^^^^^^^^^^^^^^^^^^^^
  File "c:\Users\syyun\Documents\GitHub\Routing_ML\models\manifest.py", line 153, in require_optimized_model_dir
    self.verify(CORE_ARTIFACTS)
  File "c:\Users\syyun\Documents\GitHub\Routing_ML\models\manifest.py", line 144, in verify
    raise KeyError(f"Artifact missing from manifest: {name}")
KeyError: 'Artifact missing from manifest: similarity_engine'
2025-10-02 10:21:20 | api.routes | INFO     | [prediction.py:104] | predict | MainThread | 예측 요청
2025-10-02 10:21:20 | api.routes | ERROR    | [prediction.py:150] | predict | MainThread | 예측 처리 실패
Traceback (most recent call last):
  File "c:\Users\syyun\Documents\GitHub\Routing_ML\backend\api\routes\prediction.py", line 112, in predict
    items, candidates, metrics = prediction_service.predict(
                                 ^^^^^^^^^^^^^^^^^^^^^^^^^^^
  File "c:\Users\syyun\Documents\GitHub\Routing_ML\backend\api\services\prediction_service.py", line 740, in predict
    ) = self._execute_prediction(
        ^^^^^^^^^^^^^^^^^^^^^^^^^
  File "c:\Users\syyun\Documents\GitHub\Routing_ML\backend\api\services\prediction_service.py", line 667, in _execute_prediction
    self._ensure_model()
  File "c:\Users\syyun\Documents\GitHub\Routing_ML\backend\api\services\prediction_service.py", line 522, in _ensure_model
    load_dir = manifest.require_optimized_model_dir()
               ^^^^^^^^^^^^^^^^^^^^^^^^^^^^^^^^^^^^^^
  File "c:\Users\syyun\Documents\GitHub\Routing_ML\models\manifest.py", line 153, in require_optimized_model_dir
    self.verify(CORE_ARTIFACTS)
  File "c:\Users\syyun\Documents\GitHub\Routing_ML\models\manifest.py", line 144, in verify
    raise KeyError(f"Artifact missing from manifest: {name}")
KeyError: 'Artifact missing from manifest: similarity_engine'
2025-10-02 10:21:23 | api.routes | INFO     | [prediction.py:104] | predict | MainThread | 예측 요청
2025-10-02 10:21:23 | api.routes | ERROR    | [prediction.py:150] | predict | MainThread | 예측 처리 실패
Traceback (most recent call last):
  File "c:\Users\syyun\Documents\GitHub\Routing_ML\backend\api\routes\prediction.py", line 112, in predict
    items, candidates, metrics = prediction_service.predict(
                                 ^^^^^^^^^^^^^^^^^^^^^^^^^^^
  File "c:\Users\syyun\Documents\GitHub\Routing_ML\backend\api\services\prediction_service.py", line 740, in predict
    ) = self._execute_prediction(
        ^^^^^^^^^^^^^^^^^^^^^^^^^
  File "c:\Users\syyun\Documents\GitHub\Routing_ML\backend\api\services\prediction_service.py", line 667, in _execute_prediction
    self._ensure_model()
  File "c:\Users\syyun\Documents\GitHub\Routing_ML\backend\api\services\prediction_service.py", line 522, in _ensure_model
    load_dir = manifest.require_optimized_model_dir()
               ^^^^^^^^^^^^^^^^^^^^^^^^^^^^^^^^^^^^^^
  File "c:\Users\syyun\Documents\GitHub\Routing_ML\models\manifest.py", line 153, in require_optimized_model_dir
    self.verify(CORE_ARTIFACTS)
  File "c:\Users\syyun\Documents\GitHub\Routing_ML\models\manifest.py", line 144, in verify
    raise KeyError(f"Artifact missing from manifest: {name}")
KeyError: 'Artifact missing from manifest: similarity_engine'
