2025-10-02 07:29:27 | api.prediction | WARNING  | [prediction_service.py:283] | _resolve_model_reference | MainThread | 활성화된 모델 버전이 없어 기본 디렉토리를 사용합니다: C:\Users\syyun\Documents\GitHub\Routing_ML\models\default
2025-10-02 08:42:28 | api.prediction | INFO     | [prediction_service.py:727] | predict | MainThread | [예측] item=['ITEM-001'], top_k=10, similarity_threshold=0.30, mode=summary
2025-10-02 08:42:28 | api.prediction | WARNING  | [prediction_service.py:283] | _resolve_model_reference | MainThread | 활성화된 모델 버전이 없어 기본 디렉토리를 사용합니다: C:\Users\syyun\Documents\GitHub\Routing_ML\models\default
2025-10-02 08:42:28 | api.prediction | ERROR    | [prediction_service.py:518] | _ensure_model | MainThread | 모델 매니페스트 검증 실패
Traceback (most recent call last):
  File "c:\Users\syyun\Documents\GitHub\Routing_ML\backend\api\services\prediction_service.py", line 512, in _ensure_model
    manifest = self._refresh_manifest(strict=True)
               ^^^^^^^^^^^^^^^^^^^^^^^^^^^^^^^^^^^
  File "c:\Users\syyun\Documents\GitHub\Routing_ML\backend\api\services\prediction_service.py", line 350, in _refresh_manifest
    manifest = read_model_manifest(self._model_reference, strict=strict)
               ^^^^^^^^^^^^^^^^^^^^^^^^^^^^^^^^^^^^^^^^^^^^^^^^^^^^^^^^^
  File "c:\Users\syyun\Documents\GitHub\Routing_ML\models\manifest.py", line 170, in read_model_manifest
    write_manifest(ref_path, strict=strict)
  File "c:\Users\syyun\Documents\GitHub\Routing_ML\models\manifest.py", line 112, in write_manifest
    manifest = build_manifest(directory, strict=strict, metadata=metadata)
               ^^^^^^^^^^^^^^^^^^^^^^^^^^^^^^^^^^^^^^^^^^^^^^^^^^^^^^^^^^^
  File "c:\Users\syyun\Documents\GitHub\Routing_ML\models\manifest.py", line 89, in build_manifest
    raise FileNotFoundError(
FileNotFoundError: Missing required artifacts for manifest: encoder.joblib, feature_columns.joblib, scaler.joblib, similarity_engine.joblib
2025-10-02 08:46:49 | api.prediction | INFO     | [prediction_service.py:727] | predict | MainThread | [예측] item=['ITEM-001'], top_k=10, similarity_threshold=0.30, mode=summary
2025-10-02 08:46:49 | api.prediction | WARNING  | [prediction_service.py:283] | _resolve_model_reference | MainThread | 활성화된 모델 버전이 없어 기본 디렉토리를 사용합니다: C:\Users\syyun\Documents\GitHub\Routing_ML\models\default
2025-10-02 08:46:49 | api.prediction | ERROR    | [prediction_service.py:518] | _ensure_model | MainThread | 모델 매니페스트 검증 실패
Traceback (most recent call last):
  File "c:\Users\syyun\Documents\GitHub\Routing_ML\backend\api\services\prediction_service.py", line 512, in _ensure_model
    manifest = self._refresh_manifest(strict=True)
               ^^^^^^^^^^^^^^^^^^^^^^^^^^^^^^^^^^^
  File "c:\Users\syyun\Documents\GitHub\Routing_ML\backend\api\services\prediction_service.py", line 350, in _refresh_manifest
    manifest = read_model_manifest(self._model_reference, strict=strict)
               ^^^^^^^^^^^^^^^^^^^^^^^^^^^^^^^^^^^^^^^^^^^^^^^^^^^^^^^^^
  File "c:\Users\syyun\Documents\GitHub\Routing_ML\models\manifest.py", line 170, in read_model_manifest
    write_manifest(ref_path, strict=strict)
  File "c:\Users\syyun\Documents\GitHub\Routing_ML\models\manifest.py", line 112, in write_manifest
    manifest = build_manifest(directory, strict=strict, metadata=metadata)
               ^^^^^^^^^^^^^^^^^^^^^^^^^^^^^^^^^^^^^^^^^^^^^^^^^^^^^^^^^^^
  File "c:\Users\syyun\Documents\GitHub\Routing_ML\models\manifest.py", line 89, in build_manifest
    raise FileNotFoundError(
FileNotFoundError: Missing required artifacts for manifest: encoder.joblib, feature_columns.joblib, scaler.joblib, similarity_engine.joblib
2025-10-02 08:46:57 | api.prediction | INFO     | [prediction_service.py:727] | predict | MainThread | [예측] item=['ITEM-001'], top_k=10, similarity_threshold=0.30, mode=summary
2025-10-02 08:46:57 | api.prediction | WARNING  | [prediction_service.py:283] | _resolve_model_reference | MainThread | 활성화된 모델 버전이 없어 기본 디렉토리를 사용합니다: C:\Users\syyun\Documents\GitHub\Routing_ML\models\default
2025-10-02 08:46:57 | api.prediction | ERROR    | [prediction_service.py:518] | _ensure_model | MainThread | 모델 매니페스트 검증 실패
Traceback (most recent call last):
  File "c:\Users\syyun\Documents\GitHub\Routing_ML\backend\api\services\prediction_service.py", line 512, in _ensure_model
    manifest = self._refresh_manifest(strict=True)
               ^^^^^^^^^^^^^^^^^^^^^^^^^^^^^^^^^^^
  File "c:\Users\syyun\Documents\GitHub\Routing_ML\backend\api\services\prediction_service.py", line 350, in _refresh_manifest
    manifest = read_model_manifest(self._model_reference, strict=strict)
               ^^^^^^^^^^^^^^^^^^^^^^^^^^^^^^^^^^^^^^^^^^^^^^^^^^^^^^^^^
  File "c:\Users\syyun\Documents\GitHub\Routing_ML\models\manifest.py", line 170, in read_model_manifest
    write_manifest(ref_path, strict=strict)
  File "c:\Users\syyun\Documents\GitHub\Routing_ML\models\manifest.py", line 112, in write_manifest
    manifest = build_manifest(directory, strict=strict, metadata=metadata)
               ^^^^^^^^^^^^^^^^^^^^^^^^^^^^^^^^^^^^^^^^^^^^^^^^^^^^^^^^^^^
  File "c:\Users\syyun\Documents\GitHub\Routing_ML\models\manifest.py", line 89, in build_manifest
    raise FileNotFoundError(
FileNotFoundError: Missing required artifacts for manifest: encoder.joblib, feature_columns.joblib, scaler.joblib, similarity_engine.joblib
2025-10-02 08:47:04 | api.prediction | INFO     | [prediction_service.py:727] | predict | MainThread | [예측] item=['ITEM-001'], top_k=10, similarity_threshold=0.30, mode=summary
2025-10-02 08:47:04 | api.prediction | WARNING  | [prediction_service.py:283] | _resolve_model_reference | MainThread | 활성화된 모델 버전이 없어 기본 디렉토리를 사용합니다: C:\Users\syyun\Documents\GitHub\Routing_ML\models\default
2025-10-02 08:47:04 | api.prediction | ERROR    | [prediction_service.py:529] | _ensure_model | MainThread | 모델 매니페스트 검증 실패
Traceback (most recent call last):
  File "c:\Users\syyun\Documents\GitHub\Routing_ML\backend\api\services\prediction_service.py", line 522, in _ensure_model
    load_dir = manifest.require_optimized_model_dir()
               ^^^^^^^^^^^^^^^^^^^^^^^^^^^^^^^^^^^^^^
  File "c:\Users\syyun\Documents\GitHub\Routing_ML\models\manifest.py", line 153, in require_optimized_model_dir
    self.verify(CORE_ARTIFACTS)
  File "c:\Users\syyun\Documents\GitHub\Routing_ML\models\manifest.py", line 144, in verify
    raise KeyError(f"Artifact missing from manifest: {name}")
KeyError: 'Artifact missing from manifest: similarity_engine'
2025-10-02 08:47:13 | api.prediction | INFO     | [prediction_service.py:727] | predict | MainThread | [예측] item=['ITEM-001'], top_k=10, similarity_threshold=0.30, mode=summary
2025-10-02 08:47:13 | api.prediction | WARNING  | [prediction_service.py:283] | _resolve_model_reference | MainThread | 활성화된 모델 버전이 없어 기본 디렉토리를 사용합니다: C:\Users\syyun\Documents\GitHub\Routing_ML\models\default
2025-10-02 08:47:13 | api.prediction | ERROR    | [prediction_service.py:529] | _ensure_model | MainThread | 모델 매니페스트 검증 실패
Traceback (most recent call last):
  File "c:\Users\syyun\Documents\GitHub\Routing_ML\backend\api\services\prediction_service.py", line 522, in _ensure_model
    load_dir = manifest.require_optimized_model_dir()
               ^^^^^^^^^^^^^^^^^^^^^^^^^^^^^^^^^^^^^^
  File "c:\Users\syyun\Documents\GitHub\Routing_ML\models\manifest.py", line 153, in require_optimized_model_dir
    self.verify(CORE_ARTIFACTS)
  File "c:\Users\syyun\Documents\GitHub\Routing_ML\models\manifest.py", line 144, in verify
    raise KeyError(f"Artifact missing from manifest: {name}")
KeyError: 'Artifact missing from manifest: similarity_engine'
2025-10-02 08:47:16 | api.prediction | INFO     | [prediction_service.py:727] | predict | MainThread | [예측] item=['ITEM-001'], top_k=10, similarity_threshold=0.30, mode=summary
2025-10-02 08:47:16 | api.prediction | WARNING  | [prediction_service.py:283] | _resolve_model_reference | MainThread | 활성화된 모델 버전이 없어 기본 디렉토리를 사용합니다: C:\Users\syyun\Documents\GitHub\Routing_ML\models\default
2025-10-02 08:47:16 | api.prediction | ERROR    | [prediction_service.py:529] | _ensure_model | MainThread | 모델 매니페스트 검증 실패
Traceback (most recent call last):
  File "c:\Users\syyun\Documents\GitHub\Routing_ML\backend\api\services\prediction_service.py", line 522, in _ensure_model
    load_dir = manifest.require_optimized_model_dir()
               ^^^^^^^^^^^^^^^^^^^^^^^^^^^^^^^^^^^^^^
  File "c:\Users\syyun\Documents\GitHub\Routing_ML\models\manifest.py", line 153, in require_optimized_model_dir
    self.verify(CORE_ARTIFACTS)
  File "c:\Users\syyun\Documents\GitHub\Routing_ML\models\manifest.py", line 144, in verify
    raise KeyError(f"Artifact missing from manifest: {name}")
KeyError: 'Artifact missing from manifest: similarity_engine'
2025-10-02 08:47:25 | api.prediction | INFO     | [prediction_service.py:727] | predict | MainThread | [예측] item=['ITEM-001'], top_k=10, similarity_threshold=0.30, mode=summary
2025-10-02 08:47:25 | api.prediction | WARNING  | [prediction_service.py:283] | _resolve_model_reference | MainThread | 활성화된 모델 버전이 없어 기본 디렉토리를 사용합니다: C:\Users\syyun\Documents\GitHub\Routing_ML\models\default
2025-10-02 08:47:25 | api.prediction | ERROR    | [prediction_service.py:529] | _ensure_model | MainThread | 모델 매니페스트 검증 실패
Traceback (most recent call last):
  File "c:\Users\syyun\Documents\GitHub\Routing_ML\backend\api\services\prediction_service.py", line 522, in _ensure_model
    load_dir = manifest.require_optimized_model_dir()
               ^^^^^^^^^^^^^^^^^^^^^^^^^^^^^^^^^^^^^^
  File "c:\Users\syyun\Documents\GitHub\Routing_ML\models\manifest.py", line 153, in require_optimized_model_dir
    self.verify(CORE_ARTIFACTS)
  File "c:\Users\syyun\Documents\GitHub\Routing_ML\models\manifest.py", line 144, in verify
    raise KeyError(f"Artifact missing from manifest: {name}")
KeyError: 'Artifact missing from manifest: similarity_engine'
2025-10-02 09:01:59 | api.prediction | INFO     | [prediction_service.py:727] | predict | MainThread | [예측] item=['ITEM-001'], top_k=10, similarity_threshold=0.30, mode=summary
2025-10-02 09:01:59 | api.prediction | WARNING  | [prediction_service.py:283] | _resolve_model_reference | MainThread | 활성화된 모델 버전이 없어 기본 디렉토리를 사용합니다: C:\Users\syyun\Documents\GitHub\Routing_ML\models\default
2025-10-02 09:01:59 | api.prediction | ERROR    | [prediction_service.py:529] | _ensure_model | MainThread | 모델 매니페스트 검증 실패
Traceback (most recent call last):
  File "c:\Users\syyun\Documents\GitHub\Routing_ML\backend\api\services\prediction_service.py", line 522, in _ensure_model
    load_dir = manifest.require_optimized_model_dir()
               ^^^^^^^^^^^^^^^^^^^^^^^^^^^^^^^^^^^^^^
  File "c:\Users\syyun\Documents\GitHub\Routing_ML\models\manifest.py", line 153, in require_optimized_model_dir
    self.verify(CORE_ARTIFACTS)
  File "c:\Users\syyun\Documents\GitHub\Routing_ML\models\manifest.py", line 144, in verify
    raise KeyError(f"Artifact missing from manifest: {name}")
KeyError: 'Artifact missing from manifest: similarity_engine'
2025-10-02 09:02:09 | api.prediction | INFO     | [prediction_service.py:727] | predict | MainThread | [예측] item=['ITEM-001'], top_k=10, similarity_threshold=0.30, mode=summary
2025-10-02 09:02:09 | api.prediction | WARNING  | [prediction_service.py:283] | _resolve_model_reference | MainThread | 활성화된 모델 버전이 없어 기본 디렉토리를 사용합니다: C:\Users\syyun\Documents\GitHub\Routing_ML\models\default
2025-10-02 09:02:09 | api.prediction | ERROR    | [prediction_service.py:529] | _ensure_model | MainThread | 모델 매니페스트 검증 실패
Traceback (most recent call last):
  File "c:\Users\syyun\Documents\GitHub\Routing_ML\backend\api\services\prediction_service.py", line 522, in _ensure_model
    load_dir = manifest.require_optimized_model_dir()
               ^^^^^^^^^^^^^^^^^^^^^^^^^^^^^^^^^^^^^^
  File "c:\Users\syyun\Documents\GitHub\Routing_ML\models\manifest.py", line 153, in require_optimized_model_dir
    self.verify(CORE_ARTIFACTS)
  File "c:\Users\syyun\Documents\GitHub\Routing_ML\models\manifest.py", line 144, in verify
    raise KeyError(f"Artifact missing from manifest: {name}")
KeyError: 'Artifact missing from manifest: similarity_engine'
2025-10-02 09:02:09 | api.prediction | INFO     | [prediction_service.py:727] | predict | MainThread | [예측] item=['ITEM-001'], top_k=10, similarity_threshold=0.30, mode=summary
2025-10-02 09:02:09 | api.prediction | WARNING  | [prediction_service.py:283] | _resolve_model_reference | MainThread | 활성화된 모델 버전이 없어 기본 디렉토리를 사용합니다: C:\Users\syyun\Documents\GitHub\Routing_ML\models\default
2025-10-02 09:02:09 | api.prediction | ERROR    | [prediction_service.py:529] | _ensure_model | MainThread | 모델 매니페스트 검증 실패
Traceback (most recent call last):
  File "c:\Users\syyun\Documents\GitHub\Routing_ML\backend\api\services\prediction_service.py", line 522, in _ensure_model
    load_dir = manifest.require_optimized_model_dir()
               ^^^^^^^^^^^^^^^^^^^^^^^^^^^^^^^^^^^^^^
  File "c:\Users\syyun\Documents\GitHub\Routing_ML\models\manifest.py", line 153, in require_optimized_model_dir
    self.verify(CORE_ARTIFACTS)
  File "c:\Users\syyun\Documents\GitHub\Routing_ML\models\manifest.py", line 144, in verify
    raise KeyError(f"Artifact missing from manifest: {name}")
KeyError: 'Artifact missing from manifest: similarity_engine'
2025-10-02 09:02:10 | api.prediction | INFO     | [prediction_service.py:727] | predict | MainThread | [예측] item=['ITEM-001'], top_k=10, similarity_threshold=0.30, mode=summary
2025-10-02 09:02:10 | api.prediction | WARNING  | [prediction_service.py:283] | _resolve_model_reference | MainThread | 활성화된 모델 버전이 없어 기본 디렉토리를 사용합니다: C:\Users\syyun\Documents\GitHub\Routing_ML\models\default
2025-10-02 09:02:10 | api.prediction | ERROR    | [prediction_service.py:529] | _ensure_model | MainThread | 모델 매니페스트 검증 실패
Traceback (most recent call last):
  File "c:\Users\syyun\Documents\GitHub\Routing_ML\backend\api\services\prediction_service.py", line 522, in _ensure_model
    load_dir = manifest.require_optimized_model_dir()
               ^^^^^^^^^^^^^^^^^^^^^^^^^^^^^^^^^^^^^^
  File "c:\Users\syyun\Documents\GitHub\Routing_ML\models\manifest.py", line 153, in require_optimized_model_dir
    self.verify(CORE_ARTIFACTS)
  File "c:\Users\syyun\Documents\GitHub\Routing_ML\models\manifest.py", line 144, in verify
    raise KeyError(f"Artifact missing from manifest: {name}")
KeyError: 'Artifact missing from manifest: similarity_engine'
2025-10-02 09:02:12 | api.prediction | INFO     | [prediction_service.py:727] | predict | MainThread | [예측] item=['ITEM-001'], top_k=10, similarity_threshold=0.30, mode=summary
2025-10-02 09:02:12 | api.prediction | WARNING  | [prediction_service.py:283] | _resolve_model_reference | MainThread | 활성화된 모델 버전이 없어 기본 디렉토리를 사용합니다: C:\Users\syyun\Documents\GitHub\Routing_ML\models\default
2025-10-02 09:02:12 | api.prediction | ERROR    | [prediction_service.py:529] | _ensure_model | MainThread | 모델 매니페스트 검증 실패
Traceback (most recent call last):
  File "c:\Users\syyun\Documents\GitHub\Routing_ML\backend\api\services\prediction_service.py", line 522, in _ensure_model
    load_dir = manifest.require_optimized_model_dir()
               ^^^^^^^^^^^^^^^^^^^^^^^^^^^^^^^^^^^^^^
  File "c:\Users\syyun\Documents\GitHub\Routing_ML\models\manifest.py", line 153, in require_optimized_model_dir
    self.verify(CORE_ARTIFACTS)
  File "c:\Users\syyun\Documents\GitHub\Routing_ML\models\manifest.py", line 144, in verify
    raise KeyError(f"Artifact missing from manifest: {name}")
KeyError: 'Artifact missing from manifest: similarity_engine'
2025-10-02 09:19:23 | api.prediction | INFO     | [prediction_service.py:727] | predict | MainThread | [예측] item=['ITEM-001'], top_k=10, similarity_threshold=0.30, mode=summary
2025-10-02 09:19:23 | api.prediction | WARNING  | [prediction_service.py:283] | _resolve_model_reference | MainThread | 활성화된 모델 버전이 없어 기본 디렉토리를 사용합니다: C:\Users\syyun\Documents\GitHub\Routing_ML\models\default
2025-10-02 09:19:23 | api.prediction | ERROR    | [prediction_service.py:529] | _ensure_model | MainThread | 모델 매니페스트 검증 실패
Traceback (most recent call last):
  File "c:\Users\syyun\Documents\GitHub\Routing_ML\backend\api\services\prediction_service.py", line 522, in _ensure_model
    load_dir = manifest.require_optimized_model_dir()
               ^^^^^^^^^^^^^^^^^^^^^^^^^^^^^^^^^^^^^^
  File "c:\Users\syyun\Documents\GitHub\Routing_ML\models\manifest.py", line 153, in require_optimized_model_dir
    self.verify(CORE_ARTIFACTS)
  File "c:\Users\syyun\Documents\GitHub\Routing_ML\models\manifest.py", line 144, in verify
    raise KeyError(f"Artifact missing from manifest: {name}")
KeyError: 'Artifact missing from manifest: similarity_engine'
2025-10-02 09:19:24 | api.prediction | INFO     | [prediction_service.py:727] | predict | MainThread | [예측] item=['ITEM-001'], top_k=10, similarity_threshold=0.30, mode=summary
2025-10-02 09:19:24 | api.prediction | WARNING  | [prediction_service.py:283] | _resolve_model_reference | MainThread | 활성화된 모델 버전이 없어 기본 디렉토리를 사용합니다: C:\Users\syyun\Documents\GitHub\Routing_ML\models\default
2025-10-02 09:19:24 | api.prediction | ERROR    | [prediction_service.py:529] | _ensure_model | MainThread | 모델 매니페스트 검증 실패
Traceback (most recent call last):
  File "c:\Users\syyun\Documents\GitHub\Routing_ML\backend\api\services\prediction_service.py", line 522, in _ensure_model
    load_dir = manifest.require_optimized_model_dir()
               ^^^^^^^^^^^^^^^^^^^^^^^^^^^^^^^^^^^^^^
  File "c:\Users\syyun\Documents\GitHub\Routing_ML\models\manifest.py", line 153, in require_optimized_model_dir
    self.verify(CORE_ARTIFACTS)
  File "c:\Users\syyun\Documents\GitHub\Routing_ML\models\manifest.py", line 144, in verify
    raise KeyError(f"Artifact missing from manifest: {name}")
KeyError: 'Artifact missing from manifest: similarity_engine'
2025-10-02 09:22:57 | api.prediction | INFO     | [prediction_service.py:727] | predict | MainThread | [예측] item=['ITEM-001'], top_k=10, similarity_threshold=0.30, mode=summary
2025-10-02 09:22:57 | api.prediction | WARNING  | [prediction_service.py:283] | _resolve_model_reference | MainThread | 활성화된 모델 버전이 없어 기본 디렉토리를 사용합니다: C:\Users\syyun\Documents\GitHub\Routing_ML\models\default
2025-10-02 09:22:57 | api.prediction | ERROR    | [prediction_service.py:529] | _ensure_model | MainThread | 모델 매니페스트 검증 실패
Traceback (most recent call last):
  File "c:\Users\syyun\Documents\GitHub\Routing_ML\backend\api\services\prediction_service.py", line 522, in _ensure_model
    load_dir = manifest.require_optimized_model_dir()
               ^^^^^^^^^^^^^^^^^^^^^^^^^^^^^^^^^^^^^^
  File "c:\Users\syyun\Documents\GitHub\Routing_ML\models\manifest.py", line 153, in require_optimized_model_dir
    self.verify(CORE_ARTIFACTS)
  File "c:\Users\syyun\Documents\GitHub\Routing_ML\models\manifest.py", line 144, in verify
    raise KeyError(f"Artifact missing from manifest: {name}")
KeyError: 'Artifact missing from manifest: similarity_engine'
2025-10-02 09:23:44 | api.prediction | INFO     | [prediction_service.py:727] | predict | MainThread | [예측] item=['ITEM-001'], top_k=10, similarity_threshold=0.30, mode=summary
2025-10-02 09:23:44 | api.prediction | WARNING  | [prediction_service.py:283] | _resolve_model_reference | MainThread | 활성화된 모델 버전이 없어 기본 디렉토리를 사용합니다: C:\Users\syyun\Documents\GitHub\Routing_ML\models\default
2025-10-02 09:23:44 | api.prediction | ERROR    | [prediction_service.py:529] | _ensure_model | MainThread | 모델 매니페스트 검증 실패
Traceback (most recent call last):
  File "c:\Users\syyun\Documents\GitHub\Routing_ML\backend\api\services\prediction_service.py", line 522, in _ensure_model
    load_dir = manifest.require_optimized_model_dir()
               ^^^^^^^^^^^^^^^^^^^^^^^^^^^^^^^^^^^^^^
  File "c:\Users\syyun\Documents\GitHub\Routing_ML\models\manifest.py", line 153, in require_optimized_model_dir
    self.verify(CORE_ARTIFACTS)
  File "c:\Users\syyun\Documents\GitHub\Routing_ML\models\manifest.py", line 144, in verify
    raise KeyError(f"Artifact missing from manifest: {name}")
KeyError: 'Artifact missing from manifest: similarity_engine'
2025-10-02 09:26:59 | api.prediction | INFO     | [prediction_service.py:727] | predict | MainThread | [예측] item=['ITEM-001'], top_k=10, similarity_threshold=0.30, mode=summary
2025-10-02 09:26:59 | api.prediction | WARNING  | [prediction_service.py:283] | _resolve_model_reference | MainThread | 활성화된 모델 버전이 없어 기본 디렉토리를 사용합니다: C:\Users\syyun\Documents\GitHub\Routing_ML\models\default
2025-10-02 09:26:59 | api.prediction | ERROR    | [prediction_service.py:529] | _ensure_model | MainThread | 모델 매니페스트 검증 실패
Traceback (most recent call last):
  File "c:\Users\syyun\Documents\GitHub\Routing_ML\backend\api\services\prediction_service.py", line 522, in _ensure_model
    load_dir = manifest.require_optimized_model_dir()
               ^^^^^^^^^^^^^^^^^^^^^^^^^^^^^^^^^^^^^^
  File "c:\Users\syyun\Documents\GitHub\Routing_ML\models\manifest.py", line 153, in require_optimized_model_dir
    self.verify(CORE_ARTIFACTS)
  File "c:\Users\syyun\Documents\GitHub\Routing_ML\models\manifest.py", line 144, in verify
    raise KeyError(f"Artifact missing from manifest: {name}")
KeyError: 'Artifact missing from manifest: similarity_engine'
2025-10-02 09:27:04 | api.prediction | INFO     | [prediction_service.py:727] | predict | MainThread | [예측] item=['ITEM-001'], top_k=10, similarity_threshold=0.30, mode=summary
2025-10-02 09:27:04 | api.prediction | WARNING  | [prediction_service.py:283] | _resolve_model_reference | MainThread | 활성화된 모델 버전이 없어 기본 디렉토리를 사용합니다: C:\Users\syyun\Documents\GitHub\Routing_ML\models\default
2025-10-02 09:27:04 | api.prediction | ERROR    | [prediction_service.py:529] | _ensure_model | MainThread | 모델 매니페스트 검증 실패
Traceback (most recent call last):
  File "c:\Users\syyun\Documents\GitHub\Routing_ML\backend\api\services\prediction_service.py", line 522, in _ensure_model
    load_dir = manifest.require_optimized_model_dir()
               ^^^^^^^^^^^^^^^^^^^^^^^^^^^^^^^^^^^^^^
  File "c:\Users\syyun\Documents\GitHub\Routing_ML\models\manifest.py", line 153, in require_optimized_model_dir
    self.verify(CORE_ARTIFACTS)
  File "c:\Users\syyun\Documents\GitHub\Routing_ML\models\manifest.py", line 144, in verify
    raise KeyError(f"Artifact missing from manifest: {name}")
KeyError: 'Artifact missing from manifest: similarity_engine'
2025-10-02 09:27:37 | api.prediction | INFO     | [prediction_service.py:727] | predict | MainThread | [예측] item=['ITEM-001'], top_k=10, similarity_threshold=0.30, mode=summary
2025-10-02 09:27:37 | api.prediction | WARNING  | [prediction_service.py:283] | _resolve_model_reference | MainThread | 활성화된 모델 버전이 없어 기본 디렉토리를 사용합니다: C:\Users\syyun\Documents\GitHub\Routing_ML\models\default
2025-10-02 09:27:37 | api.prediction | ERROR    | [prediction_service.py:529] | _ensure_model | MainThread | 모델 매니페스트 검증 실패
Traceback (most recent call last):
  File "c:\Users\syyun\Documents\GitHub\Routing_ML\backend\api\services\prediction_service.py", line 522, in _ensure_model
    load_dir = manifest.require_optimized_model_dir()
               ^^^^^^^^^^^^^^^^^^^^^^^^^^^^^^^^^^^^^^
  File "c:\Users\syyun\Documents\GitHub\Routing_ML\models\manifest.py", line 153, in require_optimized_model_dir
    self.verify(CORE_ARTIFACTS)
  File "c:\Users\syyun\Documents\GitHub\Routing_ML\models\manifest.py", line 144, in verify
    raise KeyError(f"Artifact missing from manifest: {name}")
KeyError: 'Artifact missing from manifest: similarity_engine'
2025-10-02 10:12:30 | api.prediction | WARNING  | [prediction_service.py:283] | _resolve_model_reference | MainThread | 활성화된 모델 버전이 없어 기본 디렉토리를 사용합니다: C:\Users\syyun\Documents\GitHub\Routing_ML\models\default
2025-10-02 10:13:33 | api.prediction | INFO     | [prediction_service.py:727] | predict | MainThread | [예측] item=['ITEM-001'], top_k=10, similarity_threshold=0.30, mode=summary
2025-10-02 10:13:33 | api.prediction | WARNING  | [prediction_service.py:283] | _resolve_model_reference | MainThread | 활성화된 모델 버전이 없어 기본 디렉토리를 사용합니다: C:\Users\syyun\Documents\GitHub\Routing_ML\models\default
2025-10-02 10:13:33 | api.prediction | ERROR    | [prediction_service.py:529] | _ensure_model | MainThread | 모델 매니페스트 검증 실패
Traceback (most recent call last):
  File "c:\Users\syyun\Documents\GitHub\Routing_ML\backend\api\services\prediction_service.py", line 522, in _ensure_model
    load_dir = manifest.require_optimized_model_dir()
               ^^^^^^^^^^^^^^^^^^^^^^^^^^^^^^^^^^^^^^
  File "c:\Users\syyun\Documents\GitHub\Routing_ML\models\manifest.py", line 153, in require_optimized_model_dir
    self.verify(CORE_ARTIFACTS)
  File "c:\Users\syyun\Documents\GitHub\Routing_ML\models\manifest.py", line 144, in verify
    raise KeyError(f"Artifact missing from manifest: {name}")
KeyError: 'Artifact missing from manifest: similarity_engine'
2025-10-02 10:13:34 | api.prediction | INFO     | [prediction_service.py:727] | predict | MainThread | [예측] item=['ITEM-001'], top_k=10, similarity_threshold=0.30, mode=summary
2025-10-02 10:13:34 | api.prediction | WARNING  | [prediction_service.py:283] | _resolve_model_reference | MainThread | 활성화된 모델 버전이 없어 기본 디렉토리를 사용합니다: C:\Users\syyun\Documents\GitHub\Routing_ML\models\default
2025-10-02 10:13:34 | api.prediction | ERROR    | [prediction_service.py:529] | _ensure_model | MainThread | 모델 매니페스트 검증 실패
Traceback (most recent call last):
  File "c:\Users\syyun\Documents\GitHub\Routing_ML\backend\api\services\prediction_service.py", line 522, in _ensure_model
    load_dir = manifest.require_optimized_model_dir()
               ^^^^^^^^^^^^^^^^^^^^^^^^^^^^^^^^^^^^^^
  File "c:\Users\syyun\Documents\GitHub\Routing_ML\models\manifest.py", line 153, in require_optimized_model_dir
    self.verify(CORE_ARTIFACTS)
  File "c:\Users\syyun\Documents\GitHub\Routing_ML\models\manifest.py", line 144, in verify
    raise KeyError(f"Artifact missing from manifest: {name}")
KeyError: 'Artifact missing from manifest: similarity_engine'
2025-10-02 10:13:36 | api.prediction | INFO     | [prediction_service.py:727] | predict | MainThread | [예측] item=['ITEM-001'], top_k=10, similarity_threshold=0.30, mode=summary
2025-10-02 10:13:36 | api.prediction | WARNING  | [prediction_service.py:283] | _resolve_model_reference | MainThread | 활성화된 모델 버전이 없어 기본 디렉토리를 사용합니다: C:\Users\syyun\Documents\GitHub\Routing_ML\models\default
2025-10-02 10:13:36 | api.prediction | ERROR    | [prediction_service.py:529] | _ensure_model | MainThread | 모델 매니페스트 검증 실패
Traceback (most recent call last):
  File "c:\Users\syyun\Documents\GitHub\Routing_ML\backend\api\services\prediction_service.py", line 522, in _ensure_model
    load_dir = manifest.require_optimized_model_dir()
               ^^^^^^^^^^^^^^^^^^^^^^^^^^^^^^^^^^^^^^
  File "c:\Users\syyun\Documents\GitHub\Routing_ML\models\manifest.py", line 153, in require_optimized_model_dir
    self.verify(CORE_ARTIFACTS)
  File "c:\Users\syyun\Documents\GitHub\Routing_ML\models\manifest.py", line 144, in verify
    raise KeyError(f"Artifact missing from manifest: {name}")
KeyError: 'Artifact missing from manifest: similarity_engine'
2025-10-02 10:17:37 | api.prediction | INFO     | [prediction_service.py:727] | predict | MainThread | [예측] item=['ITEM-001'], top_k=10, similarity_threshold=0.30, mode=summary
2025-10-02 10:17:37 | api.prediction | WARNING  | [prediction_service.py:283] | _resolve_model_reference | MainThread | 활성화된 모델 버전이 없어 기본 디렉토리를 사용합니다: C:\Users\syyun\Documents\GitHub\Routing_ML\models\default
2025-10-02 10:17:37 | api.prediction | ERROR    | [prediction_service.py:529] | _ensure_model | MainThread | 모델 매니페스트 검증 실패
Traceback (most recent call last):
  File "c:\Users\syyun\Documents\GitHub\Routing_ML\backend\api\services\prediction_service.py", line 522, in _ensure_model
    load_dir = manifest.require_optimized_model_dir()
               ^^^^^^^^^^^^^^^^^^^^^^^^^^^^^^^^^^^^^^
  File "c:\Users\syyun\Documents\GitHub\Routing_ML\models\manifest.py", line 153, in require_optimized_model_dir
    self.verify(CORE_ARTIFACTS)
  File "c:\Users\syyun\Documents\GitHub\Routing_ML\models\manifest.py", line 144, in verify
    raise KeyError(f"Artifact missing from manifest: {name}")
KeyError: 'Artifact missing from manifest: similarity_engine'
2025-10-02 10:17:38 | api.prediction | INFO     | [prediction_service.py:727] | predict | MainThread | [예측] item=['ITEM-001'], top_k=10, similarity_threshold=0.30, mode=summary
2025-10-02 10:17:38 | api.prediction | WARNING  | [prediction_service.py:283] | _resolve_model_reference | MainThread | 활성화된 모델 버전이 없어 기본 디렉토리를 사용합니다: C:\Users\syyun\Documents\GitHub\Routing_ML\models\default
2025-10-02 10:17:38 | api.prediction | ERROR    | [prediction_service.py:529] | _ensure_model | MainThread | 모델 매니페스트 검증 실패
Traceback (most recent call last):
  File "c:\Users\syyun\Documents\GitHub\Routing_ML\backend\api\services\prediction_service.py", line 522, in _ensure_model
    load_dir = manifest.require_optimized_model_dir()
               ^^^^^^^^^^^^^^^^^^^^^^^^^^^^^^^^^^^^^^
  File "c:\Users\syyun\Documents\GitHub\Routing_ML\models\manifest.py", line 153, in require_optimized_model_dir
    self.verify(CORE_ARTIFACTS)
  File "c:\Users\syyun\Documents\GitHub\Routing_ML\models\manifest.py", line 144, in verify
    raise KeyError(f"Artifact missing from manifest: {name}")
KeyError: 'Artifact missing from manifest: similarity_engine'
2025-10-02 10:17:41 | api.prediction | INFO     | [prediction_service.py:727] | predict | MainThread | [예측] item=['ITEM-001'], top_k=10, similarity_threshold=0.30, mode=summary
2025-10-02 10:17:41 | api.prediction | WARNING  | [prediction_service.py:283] | _resolve_model_reference | MainThread | 활성화된 모델 버전이 없어 기본 디렉토리를 사용합니다: C:\Users\syyun\Documents\GitHub\Routing_ML\models\default
2025-10-02 10:17:41 | api.prediction | ERROR    | [prediction_service.py:529] | _ensure_model | MainThread | 모델 매니페스트 검증 실패
Traceback (most recent call last):
  File "c:\Users\syyun\Documents\GitHub\Routing_ML\backend\api\services\prediction_service.py", line 522, in _ensure_model
    load_dir = manifest.require_optimized_model_dir()
               ^^^^^^^^^^^^^^^^^^^^^^^^^^^^^^^^^^^^^^
  File "c:\Users\syyun\Documents\GitHub\Routing_ML\models\manifest.py", line 153, in require_optimized_model_dir
    self.verify(CORE_ARTIFACTS)
  File "c:\Users\syyun\Documents\GitHub\Routing_ML\models\manifest.py", line 144, in verify
    raise KeyError(f"Artifact missing from manifest: {name}")
KeyError: 'Artifact missing from manifest: similarity_engine'
2025-10-02 10:21:11 | api.prediction | INFO     | [prediction_service.py:727] | predict | MainThread | [예측] item=['ITEM-001'], top_k=10, similarity_threshold=0.30, mode=summary
2025-10-02 10:21:11 | api.prediction | WARNING  | [prediction_service.py:283] | _resolve_model_reference | MainThread | 활성화된 모델 버전이 없어 기본 디렉토리를 사용합니다: C:\Users\syyun\Documents\GitHub\Routing_ML\models\default
2025-10-02 10:21:11 | api.prediction | ERROR    | [prediction_service.py:529] | _ensure_model | MainThread | 모델 매니페스트 검증 실패
Traceback (most recent call last):
  File "c:\Users\syyun\Documents\GitHub\Routing_ML\backend\api\services\prediction_service.py", line 522, in _ensure_model
    load_dir = manifest.require_optimized_model_dir()
               ^^^^^^^^^^^^^^^^^^^^^^^^^^^^^^^^^^^^^^
  File "c:\Users\syyun\Documents\GitHub\Routing_ML\models\manifest.py", line 153, in require_optimized_model_dir
    self.verify(CORE_ARTIFACTS)
  File "c:\Users\syyun\Documents\GitHub\Routing_ML\models\manifest.py", line 144, in verify
    raise KeyError(f"Artifact missing from manifest: {name}")
KeyError: 'Artifact missing from manifest: similarity_engine'
2025-10-02 10:21:20 | api.prediction | INFO     | [prediction_service.py:727] | predict | MainThread | [예측] item=['ITEM-001'], top_k=10, similarity_threshold=0.30, mode=summary
2025-10-02 10:21:20 | api.prediction | WARNING  | [prediction_service.py:283] | _resolve_model_reference | MainThread | 활성화된 모델 버전이 없어 기본 디렉토리를 사용합니다: C:\Users\syyun\Documents\GitHub\Routing_ML\models\default
2025-10-02 10:21:20 | api.prediction | ERROR    | [prediction_service.py:529] | _ensure_model | MainThread | 모델 매니페스트 검증 실패
Traceback (most recent call last):
  File "c:\Users\syyun\Documents\GitHub\Routing_ML\backend\api\services\prediction_service.py", line 522, in _ensure_model
    load_dir = manifest.require_optimized_model_dir()
               ^^^^^^^^^^^^^^^^^^^^^^^^^^^^^^^^^^^^^^
  File "c:\Users\syyun\Documents\GitHub\Routing_ML\models\manifest.py", line 153, in require_optimized_model_dir
    self.verify(CORE_ARTIFACTS)
  File "c:\Users\syyun\Documents\GitHub\Routing_ML\models\manifest.py", line 144, in verify
    raise KeyError(f"Artifact missing from manifest: {name}")
KeyError: 'Artifact missing from manifest: similarity_engine'
2025-10-02 10:21:23 | api.prediction | INFO     | [prediction_service.py:727] | predict | MainThread | [예측] item=['ITEM-001'], top_k=10, similarity_threshold=0.30, mode=summary
2025-10-02 10:21:23 | api.prediction | WARNING  | [prediction_service.py:283] | _resolve_model_reference | MainThread | 활성화된 모델 버전이 없어 기본 디렉토리를 사용합니다: C:\Users\syyun\Documents\GitHub\Routing_ML\models\default
2025-10-02 10:21:23 | api.prediction | ERROR    | [prediction_service.py:529] | _ensure_model | MainThread | 모델 매니페스트 검증 실패
Traceback (most recent call last):
  File "c:\Users\syyun\Documents\GitHub\Routing_ML\backend\api\services\prediction_service.py", line 522, in _ensure_model
    load_dir = manifest.require_optimized_model_dir()
               ^^^^^^^^^^^^^^^^^^^^^^^^^^^^^^^^^^^^^^
  File "c:\Users\syyun\Documents\GitHub\Routing_ML\models\manifest.py", line 153, in require_optimized_model_dir
    self.verify(CORE_ARTIFACTS)
  File "c:\Users\syyun\Documents\GitHub\Routing_ML\models\manifest.py", line 144, in verify
    raise KeyError(f"Artifact missing from manifest: {name}")
KeyError: 'Artifact missing from manifest: similarity_engine'
2025-10-02 10:43:00 | api.prediction | WARNING  | [prediction_service.py:283] | _resolve_model_reference | MainThread | 활성화된 모델 버전이 없어 기본 디렉토리를 사용합니다: C:\Users\syyun\Documents\GitHub\Routing_ML\models\default
2025-10-02 12:04:24 | api.prediction | WARNING  | [prediction_service.py:283] | _resolve_model_reference | MainThread | 활성화된 모델 버전이 없어 기본 디렉토리를 사용합니다: C:\Users\syyun\Documents\GitHub\Routing_ML\models\default
2025-10-02 12:18:50 | api.prediction | WARNING  | [prediction_service.py:283] | _resolve_model_reference | MainThread | 활성화된 모델 버전이 없어 기본 디렉토리를 사용합니다: C:\Users\syyun\Documents\GitHub\Routing_ML\models\default
2025-10-02 12:56:07 | api.prediction | WARNING  | [prediction_service.py:283] | _resolve_model_reference | MainThread | 활성화된 모델 버전이 없어 기본 디렉토리를 사용합니다: C:\Users\syyun\Documents\GitHub\Routing_ML\models\default
