npm warn Unknown env config "http-proxy". This will stop working in the next major version of npm.

> routing-ml-frontend@0.1.0 build
> tsc && vite build

src/components/workspaces/AlgorithmWorkspace.tsx(722,11): error TS2322: Type 'string | null' is not assignable to type 'string'.
  Type 'null' is not assignable to type 'string'.
src/components/workspaces/AlgorithmWorkspace.tsx(723,11): error TS2322: Type 'string | null' is not assignable to type 'string'.
  Type 'null' is not assignable to type 'string'.
src/components/workspaces/AlgorithmWorkspace.tsx(725,29): error TS2339: Property 'label' does not exist on type 'Connection'.
src/components/workspaces/DataOutputWorkspace.tsx(706,54): error TS2322: Type '{}' is not assignable to type 'ReactNode'.
src/components/workspaces/OptionsWorkspace.tsx(183,24): error TS2352: Conversion of type 'DataSourceConfigModel' to type 'Record<string, unknown>' may be a mistake because neither type sufficiently overlaps with the other. If this was intentional, convert the expression to 'unknown' first.
  Index signature for type 'string' is missing in type 'DataSourceConfigModel'.
src/components/workspaces/OptionsWorkspace.tsx(189,17): error TS2352: Conversion of type 'SQLConfigModel' to type 'Record<string, unknown>' may be a mistake because neither type sufficiently overlaps with the other. If this was intentional, convert the expression to 'unknown' first.
  Index signature for type 'string' is missing in type 'SQLConfigModel'.
src/lib/apiClient.ts(442,3): error TS2322: Type 'OutputProfileDetail | { profile: OutputProfileDetail; }' is not assignable to type 'OutputProfileDetail'.
  Type '{ profile: OutputProfileDetail; }' is missing the following properties from type 'OutputProfileDetail': mappings, id, name
src/store/routingStore.ts(575,46): error TS2554: Expected 1 arguments, but got 3.
src/store/routingStore.ts(575,47): error TS7006: Parameter 'selection' implicitly has an 'any' type.
src/store/routingStore.ts(616,7): error TS2554: Expected 1-2 arguments, but got 3.
---
2025-10-01 07:19 KST 재실행 (TypeScript 타입 보완 후 검증)

root@d278ee531b40:/workspace/Routing_ML/frontend# npm run build
npm warn Unknown env config "http-proxy". This will stop working in the next major version of npm.

> routing-ml-frontend@0.1.0 build
> tsc && vite build

vite v5.4.20 building for production...
✓ 2365 modules transformed.
dist/index.html                     0.50 kB │ gzip:   0.33 kB
dist/assets/index-7eeIC63G.css     62.84 kB │ gzip:  11.57 kB
dist/assets/index-D_vEkLqm.js   1,589.25 kB │ gzip: 518.54 kB

(!) Some chunks are larger than 500 kB after minification. Consider:
- Using dynamic import() to code-split the application
- Use build.rollupOptions.output.manualChunks to improve chunking: https://rollupjs.org/configuration-options/#output-manualchunks
- Adjust chunk size limit for this warning via build.chunkSizeWarningLimit.
✓ built in 21.84s
root@d278ee531b40:/workspace/Routing_ML/frontend#
